{"/Users/aayushchaudhary/Documents/GitHub/team-8-capstone-team-8/team-8-capstone-team-8/app/aivaluate/frontend/jest.setup.js": {"path":"/Users/aayushchaudhary/Documents/GitHub/team-8-capstone-team-8/team-8-capstone-team-8/app/aivaluate/frontend/jest.setup.js","statementMap":{"0":{"start":{"line":1,"column":0},"end":{"line":1,"column":23}}},"fnMap":{},"branchMap":{},"s":{"0":1},"f":{},"b":{},"_coverageSchema":"1a1c01bbd47fc00a2c39e90264f33305004495a9","hash":"80804bc03b6a07334f322e87560101477f57b1e5"}
}
